[LOG] System::create                           : Header version = 2.02.25. Current version = 2.02.25.
[LOG] Manager::init                            : maxchannels = 256 studioflags = 00000006 flags 00000000 extradriverdata 0000000000000000.
[LOG] SystemI::init                            : Initialize version=20225 (147536), maxchannels=256, flags=0x00020000
[LOG] SystemI::setOutputInternal               : Setting output to 'FMOD WASAPI Output'
[LOG] OutputWASAPI::init                       : Mix Format (WAVEFORMATEX): wFormatTag=0xFFFE, nChannels=2, nSamplesPerSec=48000, nAvgBytesPerSec=384000, nBlockAlign=8, wBitsPerSample=32, cbSize=22.
[LOG] OutputWASAPI::init                       : Mix Format (WAVEFORMATEXTENSIBLE): wValidBitsPerSample=32, dwChannelMask=0x00000003, SubFormat=00000003-0000-0010-8000-00AA00389B71.
[LOG] OutputWASAPI::init                       : Output buffer size: 4096 samples, latency: 0.00ms, period: 10.00ms, DSP buffer: 1024 * 4
[LOG] Thread::initThread                       : Init FMOD stream thread. Affinity: 0x4000000000000003, Priority: 0xFFFF7FFB, Stack Size: 98304, Semaphore: No, Sleep Time: 10, Looping: Yes.
[LOG] Thread::initThread                       : Init FMOD mixer thread. Affinity: 0x4000000000000001, Priority: 0xFFFF7FFA, Stack Size: 81920, Semaphore: No, Sleep Time: 0, Looping: Yes.
[LOG] AsyncManager::init                       : manager 000001E7DE2D3998 isAsync 0 updatePeriod 0.02
[LOG] AsyncManager::init                       : done
[LOG] PlaybackSystem::init                     : 
[LOG] Thread::initThread                       : Init FMOD Studio sample load thread. Affinity: 0x4000000000000003, Priority: 0xFFFF7FFD, Stack Size: 98304, Semaphore: No, Sleep Time: 1, Looping: No.
[LOG] PlaybackSystem::init                     : done
[LOG] Thread::initThread                       : Init FMOD Studio bank load thread. Affinity: 0x4000000000000003, Priority: 0xFFFF7FFD, Stack Size: 98304, Semaphore: No, Sleep Time: 1, Looping: No.
[LOG] Manager::init                            : done.
[LOG] Manager::readBank                        : fileversion = 142, compatVersion = 140 (oldest = 44, newest = 142)
[LOG] Manager::readBank                        : fileversion = 142, compatVersion = 140 (oldest = 44, newest = 142)
[LOG] Manager::readBank                        : fileversion = 142, compatVersion = 140 (oldest = 44, newest = 142)
[LOG] PlaybackSystem::acquireMasterBus         : Setting master channel group format to 6
[LOG] SystemI::createSoundInternal             : Create name='', mode=0x02000202
[LOG] SystemI::createSoundInternal             : exinfo->cbsize             = 224
[LOG] SystemI::createSoundInternal             : exinfo->length             = 4243808
[LOG] SystemI::createSoundInternal             : exinfo->fileoffset         = 35104
[LOG] SystemI::createSoundInternal             : exinfo->numsubsounds       = 1
[LOG] SystemI::createSoundInternal             : exinfo->inclusionlist      = 00000060B125EF28
[LOG] SystemI::createSoundInternal             : exinfo->inclusionlistnum   = 1
[LOG] SystemI::createSoundInternal             : exinfo->suggestedsoundtype = 5
[LOG] SystemI::createSoundInternal             : exinfo->useropen           = 00007FFE43FE5B90
[LOG] SystemI::createSoundInternal             : exinfo->userclose          = 00007FFE43FE5B50
[LOG] SystemI::createSoundInternal             : exinfo->userread           = 00007FFE43FE5C70
[LOG] SystemI::createSoundInternal             : exinfo->userseek           = 00007FFE43FE5D30
[LOG] SystemI::createSoundInternal             : exinfo->fileuserdata       = 000001E7DA0B1F88
[LOG] SystemI::createSoundInternal             : exinfo->initialseekpostype = 1
[LOG] SystemI::DSPCodecPoolRegister            : register codec pool for pool type 5
[LOG] SystemI::createSoundInternal             : Sample 0/1: name='step1', format=5, channels=2, frequency=48000, lengthbytes=4224, lengthpcm=17115, pcmblocksize=0, loopstart=0, loopend=0, mode=0x00000000, channelmask=0x00000000, channelorder=0, peakvolume=0.113708.
[LOG] SystemI::createSoundInternal             : Create name='', mode=0x02000202
[LOG] SystemI::createSoundInternal             : exinfo->cbsize             = 224
[LOG] SystemI::createSoundInternal             : exinfo->length             = 4243808
[LOG] SystemI::createSoundInternal             : exinfo->fileoffset         = 35104
[LOG] SystemI::createSoundInternal             : exinfo->numsubsounds       = 1
[LOG] SystemI::createSoundInternal             : exinfo->inclusionlist      = 00000060B125EF28
[LOG] SystemI::createSoundInternal             : exinfo->inclusionlistnum   = 1
[LOG] SystemI::createSoundInternal             : exinfo->suggestedsoundtype = 5
[LOG] SystemI::createSoundInternal             : exinfo->useropen           = 00007FFE43FE5B90
[LOG] SystemI::createSoundInternal             : exinfo->userclose          = 00007FFE43FE5B50
[LOG] SystemI::createSoundInternal             : exinfo->userread           = 00007FFE43FE5C70
[LOG] SystemI::createSoundInternal             : exinfo->userseek           = 00007FFE43FE5D30
[LOG] SystemI::createSoundInternal             : exinfo->fileuserdata       = 000001E7DA0B1F88
[LOG] SystemI::createSoundInternal             : exinfo->initialseekpostype = 1
[LOG] SystemI::DSPCodecPoolRegister            : register codec pool for pool type 5
[LOG] SystemI::createSoundInternal             : Sample 0/1: name='step3', format=5, channels=2, frequency=48000, lengthbytes=2720, lengthpcm=11527, pcmblocksize=0, loopstart=0, loopend=0, mode=0x00000000, channelmask=0x00000000, channelorder=0, peakvolume=0.113678.
[LOG] SystemI::createSoundInternal             : Create name='', mode=0x02000202
[LOG] SystemI::createSoundInternal             : exinfo->cbsize             = 224
[LOG] SystemI::createSoundInternal             : exinfo->length             = 4243808
[LOG] SystemI::createSoundInternal             : exinfo->fileoffset         = 35104
[LOG] SystemI::createSoundInternal             : exinfo->numsubsounds       = 1
[LOG] SystemI::createSoundInternal             : exinfo->inclusionlist      = 00000060B125EF28
[LOG] SystemI::createSoundInternal             : exinfo->inclusionlistnum   = 1
[LOG] SystemI::createSoundInternal             : exinfo->suggestedsoundtype = 5
[LOG] SystemI::createSoundInternal             : exinfo->useropen           = 00007FFE43FE5B90
[LOG] SystemI::createSoundInternal             : exinfo->userclose          = 00007FFE43FE5B50
[LOG] SystemI::createSoundInternal             : exinfo->userread           = 00007FFE43FE5C70
[LOG] SystemI::createSoundInternal             : exinfo->userseek           = 00007FFE43FE5D30
[LOG] SystemI::createSoundInternal             : exinfo->fileuserdata       = 000001E7DA0B1F88
[LOG] SystemI::createSoundInternal             : exinfo->initialseekpostype = 1
[LOG] SystemI::DSPCodecPoolRegister            : register codec pool for pool type 5
[LOG] SystemI::createSoundInternal             : Sample 0/1: name='step2', format=5, channels=2, frequency=48000, lengthbytes=4128, lengthpcm=16515, pcmblocksize=0, loopstart=0, loopend=0, mode=0x00000000, channelmask=0x00000000, channelorder=0, peakvolume=0.155243.
[LOG] SystemI::createSound                     : filename = Assets/FMODBanks/Desktop/Master.bank : mode 02010082
[LOG] SystemI::createSound                     : FMOD_NONBLOCKING specified.  Putting into queue to be opened asynchronously!
[LOG] AsyncThread::add                         : add sound to async queue : soundi = 000001E6B7752598, queue head = 000001E6928A8DD8, queue count = 0
[LOG] AsyncThread::threadFunc                  : Starting Asynchronous operation on sound 000001E6B7752598
[LOG] SystemI::createSoundInternal             :     Create name='Assets/FMODBanks/Desktop/Master.bank', mode=0x02010082
[LOG] SystemI::createSoundInternal             :     exinfo->cbsize             = 224
[LOG] SystemI::createSoundInternal             :     exinfo->length             = 4243808
[LOG] SystemI::createSoundInternal             :     exinfo->fileoffset         = 35104
[LOG] SystemI::createSoundInternal             :     exinfo->numsubsounds       = 1
[LOG] SystemI::createSoundInternal             :     exinfo->inclusionlist      = 000001E83D0192A0
[LOG] SystemI::createSoundInternal             :     exinfo->inclusionlistnum   = 1
[LOG] SystemI::createSoundInternal             :     exinfo->suggestedsoundtype = 5
[LOG] SystemI::createSoundInternal             :     exinfo->initialseekpostype = 1
[LOG] SystemI::createSoundInternal             :     Stream 0/1: name='waterstream', format=5, channels=1, frequency=48000, lengthbytes=483648, lengthpcm=1484850, pcmblocksize=0, loopstart=0, loopend=0, mode=0x00000000, channelmask=0x00000000, channelorder=0, peakvolume=0.876862.
[LOG] AsyncThread::threadFunc                  : Finished Asynchronous operation on sound 000001E6B7752598
[LOG] SoundI::release                          : waterstream (000001E83B5B59A8)
[LOG] SoundI::release                          :     waterstream (000001E841D8EB08)
[LOG] SoundI::release                          :     waterstream (000001E83B151C98)
[LOG] SystemI::createSound                     : filename = Assets/FMODBanks/Desktop/Master.bank : mode 02010082
[LOG] SystemI::createSound                     : FMOD_NONBLOCKING specified.  Putting into queue to be opened asynchronously!
[LOG] AsyncThread::add                         : add sound to async queue : soundi = 000001E6B7752238, queue head = 000001E6928A8DD8, queue count = 0
[LOG] SystemI::createSound                     : filename = Assets/FMODBanks/Desktop/Master.bank : mode 02010082
[LOG] SystemI::createSound                     : FMOD_NONBLOCKING specified.  Putting into queue to be opened asynchronously!
[LOG] AsyncThread::threadFunc                  : Starting Asynchronous operation on sound 000001E6B7752238
[LOG] AsyncThread::add                         : add sound to async queue : soundi = 000001E805A46428, queue head = 000001E6928A8DD8, queue count = 0
[LOG] SystemI::createSoundInternal             :     Create name='Assets/FMODBanks/Desktop/Master.bank', mode=0x02010082
[LOG] SystemI::createSoundInternal             :     exinfo->cbsize             = 224
[LOG] SystemI::createSoundInternal             :     exinfo->length             = 4243808
[LOG] SystemI::createSoundInternal             :     exinfo->fileoffset         = 35104
[LOG] SystemI::createSoundInternal             :     exinfo->numsubsounds       = 1
[LOG] SystemI::createSoundInternal             :     exinfo->inclusionlist      = 000001E83D019520
[LOG] SystemI::createSoundInternal             :     exinfo->inclusionlistnum   = 1
[LOG] SystemI::createSoundInternal             :     exinfo->suggestedsoundtype = 5
[LOG] SystemI::createSoundInternal             :     exinfo->initialseekposition = 312
[LOG] SystemI::createSoundInternal             :     exinfo->initialseekpostype = 1
[LOG] SystemI::createSoundInternal             :     Stream 0/1: name='Water', format=5, channels=2, frequency=48000, lengthbytes=90880, lengthpcm=635715, pcmblocksize=0, loopstart=0, loopend=0, mode=0x00000000, channelmask=0x00000000, channelorder=0, peakvolume=0.857208.
[LOG] AsyncThread::threadFunc                  : Finished Asynchronous operation on sound 000001E6B7752238
[LOG] AsyncThread::threadFunc                  : Starting Asynchronous operation on sound 000001E805A46428
[LOG] SystemI::createSoundInternal             :     Create name='Assets/FMODBanks/Desktop/Master.bank', mode=0x02010082
[LOG] SystemI::createSoundInternal             :     exinfo->cbsize             = 224
[LOG] SystemI::createSoundInternal             :     exinfo->length             = 4243808
[LOG] SystemI::createSoundInternal             :     exinfo->fileoffset         = 35104
[LOG] SystemI::createSoundInternal             :     exinfo->numsubsounds       = 1
[LOG] SystemI::createSoundInternal             :     exinfo->inclusionlist      = 000001E83D019660
[LOG] SystemI::createSoundInternal             :     exinfo->inclusionlistnum   = 1
[LOG] SystemI::createSoundInternal             :     exinfo->suggestedsoundtype = 5
[LOG] SystemI::createSoundInternal             :     exinfo->initialseekposition = 6095
[LOG] SystemI::createSoundInternal             :     exinfo->initialseekpostype = 1
[LOG] SystemI::createSoundInternal             :     Stream 0/1: name='waterstream', format=5, channels=1, frequency=48000, lengthbytes=483648, lengthpcm=1484850, pcmblocksize=0, loopstart=0, loopend=0, mode=0x00000000, channelmask=0x00000000, channelorder=0, peakvolume=0.876862.
[LOG] AsyncThread::threadFunc                  : Finished Asynchronous operation on sound 000001E805A46428
[LOG] SoundI::release                          : Water (000001E83B5B6218)
[LOG] SoundI::release                          :     Water (000001E841D8E148)
[LOG] SoundI::release                          :     Water (000001E83B151FF8)
[LOG] SoundI::release                          : waterstream (000001E6B7752598)
[LOG] SoundI::release                          :     waterstream (000001E69261E8B8)
[LOG] SoundI::release                          :     waterstream (000001E838CF8B58)
[LOG] SystemI::createSound                     : filename = Assets/FMODBanks/Desktop/Master.bank : mode 02010082
[LOG] SystemI::createSound                     : FMOD_NONBLOCKING specified.  Putting into queue to be opened asynchronously!
[LOG] AsyncThread::add                         : add sound to async queue : soundi = 000001E805A46788, queue head = 000001E6928A8DD8, queue count = 0
[LOG] AsyncThread::threadFunc                  : Starting Asynchronous operation on sound 000001E805A46788
[LOG] SystemI::createSoundInternal             :     Create name='Assets/FMODBanks/Desktop/Master.bank', mode=0x02010082
[LOG] SystemI::createSoundInternal             :     exinfo->cbsize             = 224
[LOG] SystemI::createSoundInternal             :     exinfo->length             = 4243808
[LOG] SystemI::createSoundInternal             :     exinfo->fileoffset         = 35104
[LOG] SystemI::createSoundInternal             :     exinfo->numsubsounds       = 1
[LOG] SystemI::createSoundInternal             :     exinfo->inclusionlist      = 000001E83D0192A0
[LOG] SystemI::createSoundInternal             :     exinfo->inclusionlistnum   = 1
[LOG] SystemI::createSoundInternal             :     exinfo->suggestedsoundtype = 5
[LOG] SystemI::createSoundInternal             :     exinfo->initialseekpostype = 1
[LOG] SystemI::createSoundInternal             :     Stream 0/1: name='waterstream', format=5, channels=1, frequency=48000, lengthbytes=483648, lengthpcm=1484850, pcmblocksize=0, loopstart=0, loopend=0, mode=0x00000000, channelmask=0x00000000, channelorder=0, peakvolume=0.876862.
[LOG] AsyncThread::threadFunc                  : Finished Asynchronous operation on sound 000001E805A46788
[LOG] SoundI::release                          : waterstream (000001E805A46428)
[LOG] SoundI::release                          :     waterstream (000001E805665018)
[LOG] SoundI::release                          :     waterstream (000001E732B232F8)
[LOG] SystemI::createSound                     : filename = Assets/FMODBanks/Desktop/Master.bank : mode 02010082
[LOG] SystemI::createSound                     : FMOD_NONBLOCKING specified.  Putting into queue to be opened asynchronously!
[LOG] AsyncThread::add                         : add sound to async queue : soundi = 000001E805A46E48, queue head = 000001E6928A8DD8, queue count = 0
[LOG] SystemI::createSound                     : filename = Assets/FMODBanks/Desktop/Master.bank : mode 02010082
[LOG] AsyncThread::threadFunc                  : Starting Asynchronous operation on sound 000001E805A46E48
[LOG] SystemI::createSound                     : FMOD_NONBLOCKING specified.  Putting into queue to be opened asynchronously!
[LOG] AsyncThread::add                         :     add sound to async queue : soundi = 000001E805A46278, queue head = 000001E6928A8DD8, queue count = 0
[LOG] SystemI::createSoundInternal             :     Create name='Assets/FMODBanks/Desktop/Master.bank', mode=0x02010082
[LOG] SystemI::createSoundInternal             :     exinfo->cbsize             = 224
[LOG] SystemI::createSoundInternal             :     exinfo->length             = 4243808
[LOG] SystemI::createSoundInternal             :     exinfo->fileoffset         = 35104
[LOG] SystemI::createSoundInternal             :     exinfo->numsubsounds       = 1
[LOG] SystemI::createSoundInternal             :     exinfo->inclusionlist      = 000001E83D0193E0
[LOG] SystemI::createSoundInternal             :     exinfo->inclusionlistnum   = 1
[LOG] SystemI::createSoundInternal             :     exinfo->suggestedsoundtype = 5
[LOG] SystemI::createSoundInternal             :     exinfo->initialseekposition = 312
[LOG] SystemI::createSoundInternal             :     exinfo->initialseekpostype = 1
[LOG] SystemI::createSoundInternal             :     Stream 0/1: name='Water', format=5, channels=2, frequency=48000, lengthbytes=90880, lengthpcm=635715, pcmblocksize=0, loopstart=0, loopend=0, mode=0x00000000, channelmask=0x00000000, channelorder=0, peakvolume=0.857208.
[LOG] AsyncThread::threadFunc                  : Finished Asynchronous operation on sound 000001E805A46E48
[LOG] AsyncThread::threadFunc                  : Starting Asynchronous operation on sound 000001E805A46278
[LOG] SystemI::createSoundInternal             :     Create name='Assets/FMODBanks/Desktop/Master.bank', mode=0x02010082
[LOG] SystemI::createSoundInternal             :     exinfo->cbsize             = 224
[LOG] SystemI::createSoundInternal             :     exinfo->length             = 4243808
[LOG] SystemI::createSoundInternal             :     exinfo->fileoffset         = 35104
[LOG] SystemI::createSoundInternal             :     exinfo->numsubsounds       = 1
[LOG] SystemI::createSoundInternal             :     exinfo->inclusionlist      = 000001E83D019660
[LOG] SystemI::createSoundInternal             :     exinfo->inclusionlistnum   = 1
[LOG] SystemI::createSoundInternal             :     exinfo->suggestedsoundtype = 5
[LOG] SystemI::createSoundInternal             :     exinfo->initialseekposition = 6095
[LOG] SystemI::createSoundInternal             :     exinfo->initialseekpostype = 1
[LOG] SystemI::createSoundInternal             :     Stream 0/1: name='waterstream', format=5, channels=1, frequency=48000, lengthbytes=483648, lengthpcm=1484850, pcmblocksize=0, loopstart=0, loopend=0, mode=0x00000000, channelmask=0x00000000, channelorder=0, peakvolume=0.876862.
[LOG] AsyncThread::threadFunc                  : Finished Asynchronous operation on sound 000001E805A46278
[LOG] SoundI::release                          : Water (000001E6B7752238)
[LOG] SoundI::release                          :     Water (000001E805664CD8)
[LOG] SoundI::release                          :     Water (000001E732B23148)
[LOG] SoundI::release                          : waterstream (000001E805A46788)
[LOG] SoundI::release                          :     waterstream (000001E7366D6D68)
[LOG] SoundI::release                          :     waterstream (000001E83B5B6218)
[LOG] SystemI::createSound                     : filename = Assets/FMODBanks/Desktop/Master.bank : mode 02010082
[LOG] SystemI::createSound                     : FMOD_NONBLOCKING specified.  Putting into queue to be opened asynchronously!
[LOG] AsyncThread::add                         : add sound to async queue : soundi = 000001E805A46788, queue head = 000001E6928A8DD8, queue count = 0
[LOG] AsyncThread::threadFunc                  : Starting Asynchronous operation on sound 000001E805A46788
[LOG] SystemI::createSound                     : filename = Assets/FMODBanks/Desktop/Master.bank : mode 02010082
[LOG] SystemI::createSoundInternal             :     Create name='Assets/FMODBanks/Desktop/Master.bank', mode=0x02010082
[LOG] SystemI::createSound                     :     FMOD_NONBLOCKING specified.  Putting into queue to be opened asynchronously!
[LOG] SystemI::createSoundInternal             :     exinfo->cbsize             = 224
[LOG] AsyncThread::add                         :     add sound to async queue : soundi = 000001E805A46C98, queue head = 000001E6928A8DD8, queue count = 0
[LOG] SystemI::createSoundInternal             :     exinfo->length             = 4243808
[LOG] SystemI::createSoundInternal             :     exinfo->fileoffset         = 35104
[LOG] SystemI::createSound                     :     filename = Assets/FMODBanks/Desktop/Master.bank : mode 02010082
[LOG] SystemI::createSoundInternal             :     exinfo->numsubsounds       = 1
[LOG] SystemI::createSound                     :     FMOD_NONBLOCKING specified.  Putting into queue to be opened asynchronously!
[LOG] SystemI::createSoundInternal             :     exinfo->inclusionlist      = 000001E83D0198E0
[LOG] AsyncThread::add                         :     add sound to async queue : soundi = 000001E83A6CC928, queue head = 000001E6928A8DD8, queue count = 1
[LOG] SystemI::createSoundInternal             :     exinfo->inclusionlistnum   = 1
[LOG] SystemI::createSoundInternal             :     exinfo->suggestedsoundtype = 5
[LOG] SystemI::createSound                     :     filename = Assets/FMODBanks/Desktop/Master.bank : mode 02010082
[LOG] SystemI::createSoundInternal             :     exinfo->initialseekpostype = 1
[LOG] SystemI::createSound                     :     FMOD_NONBLOCKING specified.  Putting into queue to be opened asynchronously!
[LOG] AsyncThread::add                         :     add sound to async queue : soundi = 000001E83A6CC5C8, queue head = 000001E6928A8DD8, queue count = 2
[LOG] SystemI::createSound                     :     filename = Assets/FMODBanks/Desktop/Master.bank : mode 02010082
[LOG] SystemI::createSound                     :     FMOD_NONBLOCKING specified.  Putting into queue to be opened asynchronously!
[LOG] AsyncThread::add                         :     add sound to async queue : soundi = 000001E83A6CCC88, queue head = 000001E6928A8DD8, queue count = 3
[LOG] SystemI::createSoundInternal             :     Stream 0/1: name='Ambience_outside_sfx', format=5, channels=2, frequency=48000, lengthbytes=277696, lengthpcm=1440000, pcmblocksize=0, loopstart=0, loopend=0, mode=0x00000000, channelmask=0x00000000, channelorder=0, peakvolume=1.140990.
[LOG] AsyncThread::threadFunc                  : Finished Asynchronous operation on sound 000001E805A46788
[LOG] AsyncThread::threadFunc                  : Starting Asynchronous operation on sound 000001E805A46C98
[LOG] SystemI::createSoundInternal             :     Create name='Assets/FMODBanks/Desktop/Master.bank', mode=0x02010082
[LOG] SystemI::createSoundInternal             :     exinfo->cbsize             = 224
[LOG] SystemI::createSoundInternal             :     exinfo->length             = 4243808
[LOG] SystemI::createSoundInternal             :     exinfo->fileoffset         = 35104
[LOG] SystemI::createSoundInternal             :     exinfo->numsubsounds       = 1
[LOG] SystemI::createSoundInternal             :     exinfo->inclusionlist      = 000001E83D019520
[LOG] SystemI::createSoundInternal             :     exinfo->inclusionlistnum   = 1
[LOG] SystemI::createSoundInternal             :     exinfo->suggestedsoundtype = 5
[LOG] SystemI::createSoundInternal             :     exinfo->initialseekpostype = 1
[LOG] SystemI::createSoundInternal             :     Stream 0/1: name='Ambience_outside_sfx', format=5, channels=2, frequency=48000, lengthbytes=277696, lengthpcm=1440000, pcmblocksize=0, loopstart=0, loopend=0, mode=0x00000000, channelmask=0x00000000, channelorder=0, peakvolume=1.140990.
[LOG] AsyncThread::threadFunc                  : Finished Asynchronous operation on sound 000001E805A46C98
[LOG] AsyncThread::threadFunc                  : Starting Asynchronous operation on sound 000001E83A6CC928
[LOG] SystemI::createSoundInternal             :     Create name='Assets/FMODBanks/Desktop/Master.bank', mode=0x02010082
[LOG] SystemI::createSoundInternal             :     exinfo->cbsize             = 224
[LOG] SystemI::createSoundInternal             :     exinfo->length             = 4243808
[LOG] SystemI::createSoundInternal             :     exinfo->fileoffset         = 35104
[LOG] SystemI::createSoundInternal             :     exinfo->numsubsounds       = 1
[LOG] SystemI::createSoundInternal             :     exinfo->inclusionlist      = 000001E83D0192A0
[LOG] SystemI::createSoundInternal             :     exinfo->inclusionlistnum   = 1
[LOG] SystemI::createSoundInternal             :     exinfo->suggestedsoundtype = 5
[LOG] SystemI::createSoundInternal             :     exinfo->initialseekpostype = 1
[LOG] SystemI::createSoundInternal             :     Stream 0/1: name='Ambience_outside_sfx', format=5, channels=2, frequency=48000, lengthbytes=277696, lengthpcm=1440000, pcmblocksize=0, loopstart=0, loopend=0, mode=0x00000000, channelmask=0x00000000, channelorder=0, peakvolume=1.140990.
[LOG] AsyncThread::threadFunc                  : Finished Asynchronous operation on sound 000001E83A6CC928
[LOG] AsyncThread::threadFunc                  : Starting Asynchronous operation on sound 000001E83A6CC5C8
[LOG] SystemI::createSoundInternal             :     Create name='Assets/FMODBanks/Desktop/Master.bank', mode=0x02010082
[LOG] SystemI::createSoundInternal             :     exinfo->cbsize             = 224
[LOG] SystemI::createSoundInternal             :     exinfo->length             = 4243808
[LOG] SystemI::createSoundInternal             :     exinfo->fileoffset         = 35104
[LOG] SystemI::createSoundInternal             :     exinfo->numsubsounds       = 1
[LOG] SystemI::createSoundInternal             :     exinfo->inclusionlist      = 000001E83D0197A0
[LOG] SystemI::createSoundInternal             :     exinfo->inclusionlistnum   = 1
[LOG] SystemI::createSoundInternal             :     exinfo->suggestedsoundtype = 5
[LOG] SystemI::createSoundInternal             :     exinfo->initialseekpostype = 1
[LOG] SystemI::createSoundInternal             :     Stream 0/1: name='Ambience_outside_sfx', format=5, channels=2, frequency=48000, lengthbytes=277696, lengthpcm=1440000, pcmblocksize=0, loopstart=0, loopend=0, mode=0x00000000, channelmask=0x00000000, channelorder=0, peakvolume=1.140990.
[LOG] AsyncThread::threadFunc                  : Finished Asynchronous operation on sound 000001E83A6CC5C8
[LOG] AsyncThread::threadFunc                  : Starting Asynchronous operation on sound 000001E83A6CCC88
[LOG] SystemI::createSoundInternal             :     Create name='Assets/FMODBanks/Desktop/Master.bank', mode=0x02010082
[LOG] SystemI::createSoundInternal             :     exinfo->cbsize             = 224
[LOG] SystemI::createSoundInternal             :     exinfo->length             = 4243808
[LOG] SystemI::createSoundInternal             :     exinfo->fileoffset         = 35104
[LOG] SystemI::createSoundInternal             :     exinfo->numsubsounds       = 1
[LOG] SystemI::createSoundInternal             :     exinfo->inclusionlist      = 000001E6B77527F0
[LOG] SystemI::createSoundInternal             :     exinfo->inclusionlistnum   = 1
[LOG] SystemI::createSoundInternal             :     exinfo->suggestedsoundtype = 5
[LOG] SystemI::createSoundInternal             :     exinfo->initialseekpostype = 1
[LOG] SystemI::createSoundInternal             :     Stream 0/1: name='Ambience_outside_sfx', format=5, channels=2, frequency=48000, lengthbytes=277696, lengthpcm=1440000, pcmblocksize=0, loopstart=0, loopend=0, mode=0x00000000, channelmask=0x00000000, channelorder=0, peakvolume=1.140990.
[LOG] AsyncThread::threadFunc                  : Finished Asynchronous operation on sound 000001E83A6CCC88
[LOG] SoundI::release                          : Ambience_outside_sfx (000001E83B5B5B58)
[LOG] SoundI::release                          :     Ambience_outside_sfx (000001E839E706C8)
[LOG] SoundI::release                          :     Ambience_outside_sfx (000001E83B151278)
[LOG] SoundI::release                          : Ambience_outside_sfx (000001E83B5B57F8)
[LOG] SoundI::release                          :     Ambience_outside_sfx (000001E841D8E7C8)
[LOG] SoundI::release                          :     Ambience_outside_sfx (000001E8059B2B78)
[LOG] SoundI::release                          : Ambience_outside_sfx (000001E8628BE5F8)
[LOG] SoundI::release                          :     Ambience_outside_sfx (000001E6C6CAD858)
[LOG] SoundI::release                          :     Ambience_outside_sfx (000001E8059B29C8)
[LOG] SoundI::release                          : Ambience_outside_sfx (000001E8628BDF38)
[LOG] SoundI::release                          :     Ambience_outside_sfx (000001E6C6CAD518)
[LOG] SoundI::release                          :     Ambience_outside_sfx (000001E8059B2818)
[LOG] SoundI::release                          : Ambience_outside_sfx (000001E8628BD878)
[LOG] SoundI::release                          :     Ambience_outside_sfx (000001E841D8EE48)
[LOG] SoundI::release                          :     Ambience_outside_sfx (000001E8059B2D28)
[LOG] SystemI::createSound                     : filename = Assets/FMODBanks/Desktop/Master.bank : mode 02010082
[LOG] SystemI::createSound                     : FMOD_NONBLOCKING specified.  Putting into queue to be opened asynchronously!
[LOG] AsyncThread::add                         : add sound to async queue : soundi = 000001E83A6CCE38, queue head = 000001E6928A8DD8, queue count = 0
[LOG] AsyncThread::threadFunc                  : Starting Asynchronous operation on sound 000001E83A6CCE38
[LOG] SystemI::createSoundInternal             :     Create name='Assets/FMODBanks/Desktop/Master.bank', mode=0x02010082
[LOG] SystemI::createSoundInternal             :     exinfo->cbsize             = 224
[LOG] SystemI::createSoundInternal             :     exinfo->length             = 4243808
[LOG] SystemI::createSoundInternal             :     exinfo->fileoffset         = 35104
[LOG] SystemI::createSoundInternal             :     exinfo->numsubsounds       = 1
[LOG] SystemI::createSoundInternal             :     exinfo->inclusionlist      = 000001E6B7752570
[LOG] SystemI::createSoundInternal             :     exinfo->inclusionlistnum   = 1
[LOG] SystemI::createSoundInternal             :     exinfo->suggestedsoundtype = 5
[LOG] SystemI::createSoundInternal             :     exinfo->initialseekpostype = 1
[LOG] SystemI::createSoundInternal             :     Stream 0/1: name='waterstream', format=5, channels=1, frequency=48000, lengthbytes=483648, lengthpcm=1484850, pcmblocksize=0, loopstart=0, loopend=0, mode=0x00000000, channelmask=0x00000000, channelorder=0, peakvolume=0.876862.
[LOG] AsyncThread::threadFunc                  : Finished Asynchronous operation on sound 000001E83A6CCE38
[LOG] SoundI::release                          : waterstream (000001E805A46278)
[LOG] SoundI::release                          :     waterstream (000001E7366D63A8)
[LOG] SoundI::release                          :     waterstream (000001E83B5B59A8)
[LOG] SystemI::mixerSuspend                    : Suspending output.
[LOG] SystemI::mixerResume                     : Resuming output.
[LOG] AsyncThread::add                         : add sound to async queue : soundi = 000001E83B5B5648, queue head = 000001E6928A8DD8, queue count = 0
[LOG] AsyncThread::threadFunc                  : Starting Asynchronous operation on sound 000001E83B5B5648
[LOG] AsyncThread::threadFunc                  : Finished Asynchronous operation on sound 000001E83B5B5648
[LOG] SystemI::createSound                     : filename = Assets/FMODBanks/Desktop/Master.bank : mode 02010082
[LOG] SystemI::createSound                     : FMOD_NONBLOCKING specified.  Putting into queue to be opened asynchronously!
[LOG] AsyncThread::add                         : add sound to async queue : soundi = 000001E805A46278, queue head = 000001E6928A8DD8, queue count = 0
[LOG] SystemI::createSound                     : filename = Assets/FMODBanks/Desktop/Master.bank : mode 02010082
[LOG] AsyncThread::threadFunc                  : Starting Asynchronous operation on sound 000001E805A46278
[LOG] SystemI::createSound                     : FMOD_NONBLOCKING specified.  Putting into queue to be opened asynchronously!
[LOG] SystemI::createSoundInternal             :     Create name='Assets/FMODBanks/Desktop/Master.bank', mode=0x02010082
[LOG] SystemI::createSoundInternal             :     exinfo->cbsize             = 224
[LOG] SystemI::createSoundInternal             :     exinfo->length             = 4243808
[LOG] SystemI::createSoundInternal             :     exinfo->fileoffset         = 35104
[LOG] SystemI::createSoundInternal             :     exinfo->numsubsounds       = 1
[LOG] SystemI::createSoundInternal             :     exinfo->inclusionlist      = 000001E6B77521B0
[LOG] SystemI::createSoundInternal             :     exinfo->inclusionlistnum   = 1
[LOG] SystemI::createSoundInternal             :     exinfo->suggestedsoundtype = 5
[LOG] SystemI::createSoundInternal             :     exinfo->initialseekposition = 312
[LOG] SystemI::createSoundInternal             :     exinfo->initialseekpostype = 1
[LOG] AsyncThread::add                         :     add sound to async queue : soundi = 000001E839E70878, queue head = 000001E6928A8DD8, queue count = 0
[LOG] SystemI::createSoundInternal             :     Stream 0/1: name='Water', format=5, channels=2, frequency=48000, lengthbytes=90880, lengthpcm=635715, pcmblocksize=0, loopstart=0, loopend=0, mode=0x00000000, channelmask=0x00000000, channelorder=0, peakvolume=0.857208.
[LOG] AsyncThread::threadFunc                  : Finished Asynchronous operation on sound 000001E805A46278
[LOG] AsyncThread::threadFunc                  : Starting Asynchronous operation on sound 000001E839E70878
[LOG] SystemI::createSoundInternal             :     Create name='Assets/FMODBanks/Desktop/Master.bank', mode=0x02010082
[LOG] SystemI::createSoundInternal             :     exinfo->cbsize             = 224
[LOG] SystemI::createSoundInternal             :     exinfo->length             = 4243808
[LOG] SystemI::createSoundInternal             :     exinfo->fileoffset         = 35104
[LOG] SystemI::createSoundInternal             :     exinfo->numsubsounds       = 1
[LOG] SystemI::createSoundInternal             :     exinfo->inclusionlist      = 000001E6B77522F0
[LOG] SystemI::createSoundInternal             :     exinfo->inclusionlistnum   = 1
[LOG] SystemI::createSoundInternal             :     exinfo->suggestedsoundtype = 5
[LOG] SystemI::createSoundInternal             :     exinfo->initialseekposition = 6095
[LOG] SystemI::createSoundInternal             :     exinfo->initialseekpostype = 1
[LOG] SystemI::createSoundInternal             :     Stream 0/1: name='waterstream', format=5, channels=1, frequency=48000, lengthbytes=483648, lengthpcm=1484850, pcmblocksize=0, loopstart=0, loopend=0, mode=0x00000000, channelmask=0x00000000, channelorder=0, peakvolume=0.876862.
[LOG] AsyncThread::threadFunc                  : Finished Asynchronous operation on sound 000001E839E70878
[LOG] SoundI::release                          : waterstream (000001E83A6CCE38)
[LOG] SoundI::release                          :     waterstream (000001E83C04B898)
[LOG] SoundI::release                          :     waterstream (000001E8628BDD88)
[LOG] SoundI::release                          : Water (000001E805A46E48)
[LOG] SoundI::release                          :     Water (000001E7366D6068)
[LOG] SoundI::release                          :     Water (000001E83B5B6068)
[LOG] SystemI::createSound                     : filename = Assets/FMODBanks/Desktop/Master.bank : mode 02010082
[LOG] SystemI::createSound                     : FMOD_NONBLOCKING specified.  Putting into queue to be opened asynchronously!
[LOG] AsyncThread::add                         : add sound to async queue : soundi = 000001E839E70BD8, queue head = 000001E6928A8DD8, queue count = 0
[LOG] AsyncThread::threadFunc                  : Starting Asynchronous operation on sound 000001E839E70BD8
[LOG] SystemI::createSoundInternal             :     Create name='Assets/FMODBanks/Desktop/Master.bank', mode=0x02010082
[LOG] SystemI::createSoundInternal             :     exinfo->cbsize             = 224
[LOG] SystemI::createSoundInternal             :     exinfo->length             = 4243808
[LOG] SystemI::createSoundInternal             :     exinfo->fileoffset         = 35104
[LOG] SystemI::createSoundInternal             :     exinfo->numsubsounds       = 1
[LOG] SystemI::createSoundInternal             :     exinfo->inclusionlist      = 000001E6B7752430
[LOG] SystemI::createSoundInternal             :     exinfo->inclusionlistnum   = 1
[LOG] SystemI::createSoundInternal             :     exinfo->suggestedsoundtype = 5
[LOG] SystemI::createSoundInternal             :     exinfo->initialseekpostype = 1
[LOG] SystemI::createSoundInternal             :     Stream 0/1: name='waterstream', format=5, channels=1, frequency=48000, lengthbytes=483648, lengthpcm=1484850, pcmblocksize=0, loopstart=0, loopend=0, mode=0x00000000, channelmask=0x00000000, channelorder=0, peakvolume=0.876862.
[LOG] AsyncThread::threadFunc                  : Finished Asynchronous operation on sound 000001E839E70BD8
[LOG] SoundI::release                          : waterstream (000001E839E70878)
[LOG] SoundI::release                          :     waterstream (000001E83C04B078)
[LOG] SoundI::release                          :     waterstream (000001E8628BDF38)
[LOG] SystemI::createSound                     : filename = Assets/FMODBanks/Desktop/Master.bank : mode 02010082
[LOG] SystemI::createSound                     : FMOD_NONBLOCKING specified.  Putting into queue to be opened asynchronously!
[LOG] AsyncThread::add                         : add sound to async queue : soundi = 000001E839E70F38, queue head = 000001E6928A8DD8, queue count = 0
[LOG] SystemI::createSound                     : filename = Assets/FMODBanks/Desktop/Master.bank : mode 02010082
[LOG] AsyncThread::threadFunc                  : Starting Asynchronous operation on sound 000001E839E70F38
[LOG] SystemI::createSound                     : FMOD_NONBLOCKING specified.  Putting into queue to be opened asynchronously!
[LOG] AsyncThread::add                         :     add sound to async queue : soundi = 000001E839E71448, queue head = 000001E6928A8DD8, queue count = 0
[LOG] SystemI::createSoundInternal             :     Create name='Assets/FMODBanks/Desktop/Master.bank', mode=0x02010082
[LOG] SystemI::createSoundInternal             :     exinfo->cbsize             = 224
[LOG] SystemI::createSoundInternal             :     exinfo->length             = 4243808
[LOG] SystemI::createSoundInternal             :     exinfo->fileoffset         = 35104
[LOG] SystemI::createSoundInternal             :     exinfo->numsubsounds       = 1
[LOG] SystemI::createSoundInternal             :     exinfo->inclusionlist      = 000001E6B77526B0
[LOG] SystemI::createSoundInternal             :     exinfo->inclusionlistnum   = 1
[LOG] SystemI::createSoundInternal             :     exinfo->suggestedsoundtype = 5
[LOG] SystemI::createSoundInternal             :     exinfo->initialseekposition = 312
[LOG] SystemI::createSoundInternal             :     exinfo->initialseekpostype = 1
[LOG] SystemI::createSoundInternal             :     Stream 0/1: name='Water', format=5, channels=2, frequency=48000, lengthbytes=90880, lengthpcm=635715, pcmblocksize=0, loopstart=0, loopend=0, mode=0x00000000, channelmask=0x00000000, channelorder=0, peakvolume=0.857208.
[LOG] AsyncThread::threadFunc                  : Finished Asynchronous operation on sound 000001E839E70F38
[LOG] AsyncThread::threadFunc                  : Starting Asynchronous operation on sound 000001E839E71448
[LOG] SystemI::createSoundInternal             :     Create name='Assets/FMODBanks/Desktop/Master.bank', mode=0x02010082
[LOG] SystemI::createSoundInternal             :     exinfo->cbsize             = 224
[LOG] SystemI::createSoundInternal             :     exinfo->length             = 4243808
[LOG] SystemI::createSoundInternal             :     exinfo->fileoffset         = 35104
[LOG] SystemI::createSoundInternal             :     exinfo->numsubsounds       = 1
[LOG] SystemI::createSoundInternal             :     exinfo->inclusionlist      = 000001E6B7752570
[LOG] SystemI::createSoundInternal             :     exinfo->inclusionlistnum   = 1
[LOG] SystemI::createSoundInternal             :     exinfo->suggestedsoundtype = 5
[LOG] SystemI::createSoundInternal             :     exinfo->initialseekposition = 6095
[LOG] SystemI::createSoundInternal             :     exinfo->initialseekpostype = 1
[LOG] SystemI::createSoundInternal             :     Stream 0/1: name='waterstream', format=5, channels=1, frequency=48000, lengthbytes=483648, lengthpcm=1484850, pcmblocksize=0, loopstart=0, loopend=0, mode=0x00000000, channelmask=0x00000000, channelorder=0, peakvolume=0.876862.
[LOG] AsyncThread::threadFunc                  : Finished Asynchronous operation on sound 000001E839E71448
[LOG] SoundI::release                          : waterstream (000001E839E70BD8)
[LOG] SoundI::release                          :     waterstream (000001E83C04B6F8)
[LOG] SoundI::release                          :     waterstream (000001E8628BE448)
[LOG] SoundI::release                          : Water (000001E805A46278)
[LOG] SoundI::release                          :     Water (000001E83C04B3B8)
[LOG] SoundI::release                          :     Water (000001E8628BE298)
[LOG] SystemI::createSound                     : filename = Assets/FMODBanks/Desktop/Master.bank : mode 02010082
[LOG] SystemI::createSound                     : FMOD_NONBLOCKING specified.  Putting into queue to be opened asynchronously!
[LOG] AsyncThread::add                         : add sound to async queue : soundi = 000001E839E710E8, queue head = 000001E6928A8DD8, queue count = 0
[LOG] AsyncThread::threadFunc                  : Starting Asynchronous operation on sound 000001E839E710E8
[LOG] SystemI::createSoundInternal             :     Create name='Assets/FMODBanks/Desktop/Master.bank', mode=0x02010082
[LOG] SystemI::createSoundInternal             :     exinfo->cbsize             = 224
[LOG] SystemI::createSoundInternal             :     exinfo->length             = 4243808
[LOG] SystemI::createSoundInternal             :     exinfo->fileoffset         = 35104
[LOG] SystemI::createSoundInternal             :     exinfo->numsubsounds       = 1
[LOG] SystemI::createSoundInternal             :     exinfo->inclusionlist      = 000001E6B77522F0
[LOG] SystemI::createSoundInternal             :     exinfo->inclusionlistnum   = 1
[LOG] SystemI::createSoundInternal             :     exinfo->suggestedsoundtype = 5
[LOG] SystemI::createSoundInternal             :     exinfo->initialseekpostype = 1
[LOG] SystemI::createSoundInternal             :     Stream 0/1: name='waterstream', format=5, channels=1, frequency=48000, lengthbytes=483648, lengthpcm=1484850, pcmblocksize=0, loopstart=0, loopend=0, mode=0x00000000, channelmask=0x00000000, channelorder=0, peakvolume=0.876862.
[LOG] AsyncThread::threadFunc                  : Finished Asynchronous operation on sound 000001E839E710E8
[LOG] SoundI::release                          : waterstream (000001E839E71448)
[LOG] SoundI::release                          :     waterstream (000001E83C04B078)
[LOG] SoundI::release                          :     waterstream (000001E8628BE5F8)
[LOG] SystemI::mixerSuspend                    : Suspending output.
[LOG] SystemI::mixerResume                     : Resuming output.
[LOG] AsyncThread::add                         : add sound to async queue : soundi = 000001E83B5B5648, queue head = 000001E6928A8DD8, queue count = 0
[LOG] AsyncThread::threadFunc                  : Starting Asynchronous operation on sound 000001E83B5B5648
[LOG] AsyncThread::threadFunc                  : Finished Asynchronous operation on sound 000001E83B5B5648
[LOG] SystemI::createSound                     : filename = Assets/FMODBanks/Desktop/Master.bank : mode 02010082
[LOG] SystemI::createSound                     : FMOD_NONBLOCKING specified.  Putting into queue to be opened asynchronously!
[LOG] AsyncThread::add                         : add sound to async queue : soundi = 000001E839E71298, queue head = 000001E6928A8DD8, queue count = 0
[LOG] AsyncThread::threadFunc                  : Starting Asynchronous operation on sound 000001E839E71298
[LOG] SystemI::createSoundInternal             :     Create name='Assets/FMODBanks/Desktop/Master.bank', mode=0x02010082
[LOG] SystemI::createSoundInternal             :     exinfo->cbsize             = 224
[LOG] SystemI::createSound                     :     filename = Assets/FMODBanks/Desktop/Master.bank : mode 02010082
[LOG] SystemI::createSoundInternal             :     exinfo->length             = 4243808
[LOG] SystemI::createSound                     :     FMOD_NONBLOCKING specified.  Putting into queue to be opened asynchronously!
[LOG] SystemI::createSoundInternal             :     exinfo->fileoffset         = 35104
[LOG] AsyncThread::add                         :     add sound to async queue : soundi = 000001E839E70A28, queue head = 000001E6928A8DD8, queue count = 0
[LOG] SystemI::createSoundInternal             :     exinfo->numsubsounds       = 1
[LOG] SystemI::createSoundInternal             :     exinfo->inclusionlist      = 000001E6B7752570
[LOG] SystemI::createSoundInternal             :     exinfo->inclusionlistnum   = 1
[LOG] SystemI::createSound                     :     filename = Assets/FMODBanks/Desktop/Master.bank : mode 02010082
[LOG] SystemI::createSoundInternal             :     exinfo->suggestedsoundtype = 5
[LOG] SystemI::createSound                     :     FMOD_NONBLOCKING specified.  Putting into queue to be opened asynchronously!
[LOG] SystemI::createSoundInternal             :     exinfo->initialseekpostype = 1
[LOG] AsyncThread::add                         :     add sound to async queue : soundi = 000001E805A465D8, queue head = 000001E6928A8DD8, queue count = 1
[LOG] SystemI::createSound                     :     filename = Assets/FMODBanks/Desktop/Master.bank : mode 02010082
[LOG] SystemI::createSound                     :     FMOD_NONBLOCKING specified.  Putting into queue to be opened asynchronously!
[LOG] AsyncThread::add                         :     add sound to async queue : soundi = 000001E805A46278, queue head = 000001E6928A8DD8, queue count = 2
[LOG] SystemI::createSound                     :     filename = Assets/FMODBanks/Desktop/Master.bank : mode 02010082
[LOG] SystemI::createSound                     :     FMOD_NONBLOCKING specified.  Putting into queue to be opened asynchronously!
[LOG] AsyncThread::add                         :     add sound to async queue : soundi = 000001E83A6CCE38, queue head = 000001E6928A8DD8, queue count = 3
[LOG] SystemI::createSoundInternal             :     Stream 0/1: name='Ambience_outside_sfx', format=5, channels=2, frequency=48000, lengthbytes=277696, lengthpcm=1440000, pcmblocksize=0, loopstart=0, loopend=0, mode=0x00000000, channelmask=0x00000000, channelorder=0, peakvolume=1.140990.
[LOG] AsyncThread::threadFunc                  : Finished Asynchronous operation on sound 000001E839E71298
[LOG] AsyncThread::threadFunc                  : Starting Asynchronous operation on sound 000001E839E70A28
[LOG] SystemI::createSoundInternal             :     Create name='Assets/FMODBanks/Desktop/Master.bank', mode=0x02010082
[LOG] SystemI::createSoundInternal             :     exinfo->cbsize             = 224
[LOG] SystemI::createSoundInternal             :     exinfo->length             = 4243808
[LOG] SystemI::createSoundInternal             :     exinfo->fileoffset         = 35104
[LOG] SystemI::createSoundInternal             :     exinfo->numsubsounds       = 1
[LOG] SystemI::createSoundInternal             :     exinfo->inclusionlist      = 000001E6B7752430
[LOG] SystemI::createSoundInternal             :     exinfo->inclusionlistnum   = 1
[LOG] SystemI::createSoundInternal             :     exinfo->suggestedsoundtype = 5
[LOG] SystemI::createSoundInternal             :     exinfo->initialseekpostype = 1
[LOG] SystemI::createSoundInternal             :     Stream 0/1: name='Ambience_outside_sfx', format=5, channels=2, frequency=48000, lengthbytes=277696, lengthpcm=1440000, pcmblocksize=0, loopstart=0, loopend=0, mode=0x00000000, channelmask=0x00000000, channelorder=0, peakvolume=1.140990.
[LOG] AsyncThread::threadFunc                  : Finished Asynchronous operation on sound 000001E839E70A28
[LOG] AsyncThread::threadFunc                  : Starting Asynchronous operation on sound 000001E805A465D8
[LOG] SystemI::createSoundInternal             :     Create name='Assets/FMODBanks/Desktop/Master.bank', mode=0x02010082
[LOG] SystemI::createSoundInternal             :     exinfo->cbsize             = 224
[LOG] SystemI::createSoundInternal             :     exinfo->length             = 4243808
[LOG] SystemI::createSoundInternal             :     exinfo->fileoffset         = 35104
[LOG] SystemI::createSoundInternal             :     exinfo->numsubsounds       = 1
[LOG] SystemI::createSoundInternal             :     exinfo->inclusionlist      = 000001E6B77521B0
[LOG] SystemI::createSoundInternal             :     exinfo->inclusionlistnum   = 1
[LOG] SystemI::createSoundInternal             :     exinfo->suggestedsoundtype = 5
[LOG] SystemI::createSoundInternal             :     exinfo->initialseekpostype = 1
[LOG] SystemI::createSoundInternal             :     Stream 0/1: name='Ambience_outside_sfx', format=5, channels=2, frequency=48000, lengthbytes=277696, lengthpcm=1440000, pcmblocksize=0, loopstart=0, loopend=0, mode=0x00000000, channelmask=0x00000000, channelorder=0, peakvolume=1.140990.
[LOG] AsyncThread::threadFunc                  : Finished Asynchronous operation on sound 000001E805A465D8
[LOG] AsyncThread::threadFunc                  : Starting Asynchronous operation on sound 000001E805A46278
[LOG] SystemI::createSoundInternal             :     Create name='Assets/FMODBanks/Desktop/Master.bank', mode=0x02010082
[LOG] SystemI::createSoundInternal             :     exinfo->cbsize             = 224
[LOG] SystemI::createSoundInternal             :     exinfo->length             = 4243808
[LOG] SystemI::createSoundInternal             :     exinfo->fileoffset         = 35104
[LOG] SystemI::createSoundInternal             :     exinfo->numsubsounds       = 1
[LOG] SystemI::createSoundInternal             :     exinfo->inclusionlist      = 000001E83D0193E0
[LOG] SystemI::createSoundInternal             :     exinfo->inclusionlistnum   = 1
[LOG] SystemI::createSoundInternal             :     exinfo->suggestedsoundtype = 5
[LOG] SystemI::createSoundInternal             :     exinfo->initialseekpostype = 1
[LOG] SystemI::createSoundInternal             :     Stream 0/1: name='Ambience_outside_sfx', format=5, channels=2, frequency=48000, lengthbytes=277696, lengthpcm=1440000, pcmblocksize=0, loopstart=0, loopend=0, mode=0x00000000, channelmask=0x00000000, channelorder=0, peakvolume=1.140990.
[LOG] AsyncThread::threadFunc                  : Finished Asynchronous operation on sound 000001E805A46278
[LOG] AsyncThread::threadFunc                  : Starting Asynchronous operation on sound 000001E83A6CCE38
[LOG] SystemI::createSoundInternal             :     Create name='Assets/FMODBanks/Desktop/Master.bank', mode=0x02010082
[LOG] SystemI::createSoundInternal             :     exinfo->cbsize             = 224
[LOG] SystemI::createSoundInternal             :     exinfo->length             = 4243808
[LOG] SystemI::createSoundInternal             :     exinfo->fileoffset         = 35104
[LOG] SystemI::createSoundInternal             :     exinfo->numsubsounds       = 1
[LOG] SystemI::createSoundInternal             :     exinfo->inclusionlist      = 000001E83D019660
[LOG] SystemI::createSoundInternal             :     exinfo->inclusionlistnum   = 1
[LOG] SystemI::createSoundInternal             :     exinfo->suggestedsoundtype = 5
[LOG] SystemI::createSoundInternal             :     exinfo->initialseekpostype = 1
[LOG] SystemI::createSoundInternal             :     Stream 0/1: name='Ambience_outside_sfx', format=5, channels=2, frequency=48000, lengthbytes=277696, lengthpcm=1440000, pcmblocksize=0, loopstart=0, loopend=0, mode=0x00000000, channelmask=0x00000000, channelorder=0, peakvolume=1.140990.
[LOG] AsyncThread::threadFunc                  : Finished Asynchronous operation on sound 000001E83A6CCE38
[LOG] SoundI::release                          : Ambience_outside_sfx (000001E83A6CC928)
[LOG] SoundI::release                          :     Ambience_outside_sfx (000001E8415FC928)
[LOG] SoundI::release                          :     Ambience_outside_sfx (000001E83B5B5648)
[LOG] SoundI::release                          : Ambience_outside_sfx (000001E83A6CCC88)
[LOG] SoundI::release                          :     Ambience_outside_sfx (000001E7364F6D58)
[LOG] SoundI::release                          :     Ambience_outside_sfx (000001E8628BDBD8)
[LOG] SoundI::release                          : Ambience_outside_sfx (000001E83A6CC5C8)
[LOG] SoundI::release                          :     Ambience_outside_sfx (000001E7364F6878)
[LOG] SoundI::release                          :     Ambience_outside_sfx (000001E83B5B5D08)
[LOG] SoundI::release                          : Ambience_outside_sfx (000001E805A46C98)
[LOG] SoundI::release                          :     Ambience_outside_sfx (000001E8415FCAC8)
[LOG] SoundI::release                          :     Ambience_outside_sfx (000001E83B5B5498)
[LOG] SoundI::release                          : Ambience_outside_sfx (000001E805A46788)
[LOG] SoundI::release                          :     Ambience_outside_sfx (000001E7366D6888)
[LOG] SoundI::release                          :     Ambience_outside_sfx (000001E83B5B6218)
[LOG] SystemI::createSound                     : filename = Assets/FMODBanks/Desktop/Master.bank : mode 02010082
[LOG] SystemI::createSound                     : FMOD_NONBLOCKING specified.  Putting into queue to be opened asynchronously!
[LOG] AsyncThread::add                         : add sound to async queue : soundi = 000001E83A6CC0B8, queue head = 000001E6928A8DD8, queue count = 0
[LOG] SystemI::createSound                     : filename = Assets/FMODBanks/Desktop/Master.bank : mode 02010082
[LOG] AsyncThread::threadFunc                  : Starting Asynchronous operation on sound 000001E83A6CC0B8
[LOG] SystemI::createSound                     : FMOD_NONBLOCKING specified.  Putting into queue to be opened asynchronously!
[LOG] SystemI::createSoundInternal             :     Create name='Assets/FMODBanks/Desktop/Master.bank', mode=0x02010082
[LOG] AsyncThread::add                         :     add sound to async queue : soundi = 000001E83A6CC418, queue head = 000001E6928A8DD8, queue count = 0
[LOG] SystemI::createSoundInternal             :     exinfo->cbsize             = 224
[LOG] SystemI::createSoundInternal             :     exinfo->length             = 4243808
[LOG] SystemI::createSoundInternal             :     exinfo->fileoffset         = 35104
[LOG] SystemI::createSoundInternal             :     exinfo->numsubsounds       = 1
[LOG] SystemI::createSoundInternal             :     exinfo->inclusionlist      = 000001E83D0197A0
[LOG] SystemI::createSoundInternal             :     exinfo->inclusionlistnum   = 1
[LOG] SystemI::createSoundInternal             :     exinfo->suggestedsoundtype = 5
[LOG] SystemI::createSoundInternal             :     exinfo->initialseekposition = 312
[LOG] SystemI::createSoundInternal             :     exinfo->initialseekpostype = 1
[LOG] SystemI::createSoundInternal             :     Stream 0/1: name='Water', format=5, channels=2, frequency=48000, lengthbytes=90880, lengthpcm=635715, pcmblocksize=0, loopstart=0, loopend=0, mode=0x00000000, channelmask=0x00000000, channelorder=0, peakvolume=0.857208.
[LOG] AsyncThread::threadFunc                  : Finished Asynchronous operation on sound 000001E83A6CC0B8
[LOG] AsyncThread::threadFunc                  : Starting Asynchronous operation on sound 000001E83A6CC418
[LOG] SystemI::createSoundInternal             :     Create name='Assets/FMODBanks/Desktop/Master.bank', mode=0x02010082
[LOG] SystemI::createSoundInternal             :     exinfo->cbsize             = 224
[LOG] SystemI::createSoundInternal             :     exinfo->length             = 4243808
[LOG] SystemI::createSoundInternal             :     exinfo->fileoffset         = 35104
[LOG] SystemI::createSoundInternal             :     exinfo->numsubsounds       = 1
[LOG] SystemI::createSoundInternal             :     exinfo->inclusionlist      = 000001E83D0198E0
[LOG] SystemI::createSoundInternal             :     exinfo->inclusionlistnum   = 1
[LOG] SystemI::createSoundInternal             :     exinfo->suggestedsoundtype = 5
[LOG] SystemI::createSoundInternal             :     exinfo->initialseekposition = 6095
[LOG] SystemI::createSoundInternal             :     exinfo->initialseekpostype = 1
[LOG] SystemI::createSoundInternal             :     Stream 0/1: name='waterstream', format=5, channels=1, frequency=48000, lengthbytes=483648, lengthpcm=1484850, pcmblocksize=0, loopstart=0, loopend=0, mode=0x00000000, channelmask=0x00000000, channelorder=0, peakvolume=0.876862.
[LOG] AsyncThread::threadFunc                  : Finished Asynchronous operation on sound 000001E83A6CC418
[LOG] SoundI::release                          : waterstream (000001E839E710E8)
[LOG] SoundI::release                          :     waterstream (000001E83C04B218)
[LOG] SoundI::release                          :     waterstream (000001E8628BE298)
[LOG] SoundI::release                          : Water (000001E839E70F38)
[LOG] SoundI::release                          :     Water (000001E83C04BA38)
[LOG] SoundI::release                          :     Water (000001E8628BDF38)
[LOG] SystemI::mixerSuspend                    : Suspending output.
[LOG] SystemI::mixerResume                     : Resuming output.
[LOG] AsyncThread::add                         : add sound to async queue : soundi = 000001E6B735B0D8, queue head = 000001E6928A8DD8, queue count = 0
[LOG] AsyncThread::threadFunc                  : Starting Asynchronous operation on sound 000001E6B735B0D8
[LOG] AsyncThread::threadFunc                  : Finished Asynchronous operation on sound 000001E6B735B0D8
[LOG] SystemI::createSound                     : filename = Assets/FMODBanks/Desktop/Master.bank : mode 02010082
[LOG] SystemI::createSound                     : FMOD_NONBLOCKING specified.  Putting into queue to be opened asynchronously!
[LOG] AsyncThread::add                         : add sound to async queue : soundi = 000001E83A6CCAD8, queue head = 000001E6928A8DD8, queue count = 0
[LOG] AsyncThread::threadFunc                  : Starting Asynchronous operation on sound 000001E83A6CCAD8
[LOG] SystemI::createSoundInternal             :     Create name='Assets/FMODBanks/Desktop/Master.bank', mode=0x02010082
[LOG] SystemI::createSoundInternal             :     exinfo->cbsize             = 224
[LOG] SystemI::createSoundInternal             :     exinfo->length             = 4243808
[LOG] SystemI::createSoundInternal             :     exinfo->fileoffset         = 35104
[LOG] SystemI::createSoundInternal             :     exinfo->numsubsounds       = 1
[LOG] SystemI::createSoundInternal             :     exinfo->inclusionlist      = 000001E83D019520
[LOG] SystemI::createSoundInternal             :     exinfo->inclusionlistnum   = 1
[LOG] SystemI::createSoundInternal             :     exinfo->suggestedsoundtype = 5
[LOG] SystemI::createSoundInternal             :     exinfo->initialseekpostype = 1
[LOG] SystemI::createSoundInternal             :     Stream 0/1: name='waterstream', format=5, channels=1, frequency=48000, lengthbytes=483648, lengthpcm=1484850, pcmblocksize=0, loopstart=0, loopend=0, mode=0x00000000, channelmask=0x00000000, channelorder=0, peakvolume=0.876862.
[LOG] AsyncThread::threadFunc                  : Finished Asynchronous operation on sound 000001E83A6CCAD8
[LOG] SoundI::release                          : waterstream (000001E83A6CC418)
[LOG] SoundI::release                          :     waterstream (000001E83B5B5978)
[LOG] SoundI::release                          :     waterstream (000001E808526198)
[LOG] SystemI::mixerSuspend                    : Suspending output.
[LOG] SystemI::mixerResume                     : Resuming output.
[LOG] AsyncThread::add                         : add sound to async queue : soundi = 000001E6B735B0D8, queue head = 000001E6928A8DD8, queue count = 0
[LOG] AsyncThread::threadFunc                  : Starting Asynchronous operation on sound 000001E6B735B0D8
[LOG] AsyncThread::threadFunc                  : Finished Asynchronous operation on sound 000001E6B735B0D8
[LOG] SystemI::createSound                     : filename = Assets/FMODBanks/Desktop/Master.bank : mode 02010082
[LOG] SystemI::createSound                     : FMOD_NONBLOCKING specified.  Putting into queue to be opened asynchronously!
[LOG] AsyncThread::add                         : add sound to async queue : soundi = 000001E83A6CC418, queue head = 000001E6928A8DD8, queue count = 0
[LOG] SystemI::createSound                     : filename = Assets/FMODBanks/Desktop/Master.bank : mode 02010082
[LOG] AsyncThread::threadFunc                  : Starting Asynchronous operation on sound 000001E83A6CC418
[LOG] SystemI::createSound                     : FMOD_NONBLOCKING specified.  Putting into queue to be opened asynchronously!
[LOG] SystemI::createSoundInternal             :     Create name='Assets/FMODBanks/Desktop/Master.bank', mode=0x02010082
[LOG] AsyncThread::add                         :     add sound to async queue : soundi = 000001E839E706C8, queue head = 000001E6928A8DD8, queue count = 0
[LOG] SystemI::createSoundInternal             :     exinfo->cbsize             = 224
[LOG] SystemI::createSoundInternal             :     exinfo->length             = 4243808
[LOG] SystemI::createSoundInternal             :     exinfo->fileoffset         = 35104
[LOG] SystemI::createSoundInternal             :     exinfo->numsubsounds       = 1
[LOG] SystemI::createSoundInternal             :     exinfo->inclusionlist      = 000001E83D0192A0
[LOG] SystemI::createSoundInternal             :     exinfo->inclusionlistnum   = 1
[LOG] SystemI::createSoundInternal             :     exinfo->suggestedsoundtype = 5
[LOG] SystemI::createSoundInternal             :     exinfo->initialseekposition = 312
[LOG] SystemI::createSoundInternal             :     exinfo->initialseekpostype = 1
[LOG] SystemI::createSoundInternal             :     Stream 0/1: name='Water', format=5, channels=2, frequency=48000, lengthbytes=90880, lengthpcm=635715, pcmblocksize=0, loopstart=0, loopend=0, mode=0x00000000, channelmask=0x00000000, channelorder=0, peakvolume=0.857208.
[LOG] AsyncThread::threadFunc                  : Finished Asynchronous operation on sound 000001E83A6CC418
[LOG] AsyncThread::threadFunc                  : Starting Asynchronous operation on sound 000001E839E706C8
[LOG] SystemI::createSoundInternal             :     Create name='Assets/FMODBanks/Desktop/Master.bank', mode=0x02010082
[LOG] SystemI::createSoundInternal             :     exinfo->cbsize             = 224
[LOG] SystemI::createSoundInternal             :     exinfo->length             = 4243808
[LOG] SystemI::createSoundInternal             :     exinfo->fileoffset         = 35104
[LOG] SystemI::createSoundInternal             :     exinfo->numsubsounds       = 1
[LOG] SystemI::createSoundInternal             :     exinfo->inclusionlist      = 000001E83D0198E0
[LOG] SystemI::createSoundInternal             :     exinfo->inclusionlistnum   = 1
[LOG] SystemI::createSoundInternal             :     exinfo->suggestedsoundtype = 5
[LOG] SystemI::createSoundInternal             :     exinfo->initialseekposition = 6095
[LOG] SystemI::createSoundInternal             :     exinfo->initialseekpostype = 1
[LOG] SystemI::createSoundInternal             :     Stream 0/1: name='waterstream', format=5, channels=1, frequency=48000, lengthbytes=483648, lengthpcm=1484850, pcmblocksize=0, loopstart=0, loopend=0, mode=0x00000000, channelmask=0x00000000, channelorder=0, peakvolume=0.876862.
[LOG] AsyncThread::threadFunc                  : Finished Asynchronous operation on sound 000001E839E706C8
[LOG] SoundI::release                          : waterstream (000001E83A6CCAD8)
[LOG] SoundI::release                          :     waterstream (000001E83B5B5CB8)
[LOG] SoundI::release                          :     waterstream (000001E807DACCD8)
[LOG] SoundI::release                          : Water (000001E83A6CC0B8)
[LOG] SoundI::release                          :     Water (000001E83B5B57D8)
[LOG] SoundI::release                          :     Water (000001E808525C88)
[LOG] SystemI::createSound                     : filename = Assets/FMODBanks/Desktop/Master.bank : mode 02010082
[LOG] SystemI::createSound                     : FMOD_NONBLOCKING specified.  Putting into queue to be opened asynchronously!
[LOG] AsyncThread::add                         : add sound to async queue : soundi = 000001E839E70D88, queue head = 000001E6928A8DD8, queue count = 0
[LOG] AsyncThread::threadFunc                  : Starting Asynchronous operation on sound 000001E839E70D88
[LOG] SystemI::createSoundInternal             :     Create name='Assets/FMODBanks/Desktop/Master.bank', mode=0x02010082
[LOG] SystemI::createSoundInternal             :     exinfo->cbsize             = 224
[LOG] SystemI::createSoundInternal             :     exinfo->length             = 4243808
[LOG] SystemI::createSoundInternal             :     exinfo->fileoffset         = 35104
[LOG] SystemI::createSoundInternal             :     exinfo->numsubsounds       = 1
[LOG] SystemI::createSoundInternal             :     exinfo->inclusionlist      = 000001E83D019520
[LOG] SystemI::createSoundInternal             :     exinfo->inclusionlistnum   = 1
[LOG] SystemI::createSoundInternal             :     exinfo->suggestedsoundtype = 5
[LOG] SystemI::createSoundInternal             :     exinfo->initialseekpostype = 1
[LOG] SystemI::createSoundInternal             :     Stream 0/1: name='waterstream', format=5, channels=1, frequency=48000, lengthbytes=483648, lengthpcm=1484850, pcmblocksize=0, loopstart=0, loopend=0, mode=0x00000000, channelmask=0x00000000, channelorder=0, peakvolume=0.876862.
[LOG] AsyncThread::threadFunc                  : Finished Asynchronous operation on sound 000001E839E70D88
[LOG] SoundI::release                          : waterstream (000001E839E706C8)
[LOG] SoundI::release                          :     waterstream (000001E82A7986C8)
[LOG] SoundI::release                          :     waterstream (000001E7B1D245C8)
[LOG] SystemI::createSound                     : filename = Assets/FMODBanks/Desktop/Master.bank : mode 02010082
[LOG] SystemI::createSound                     : FMOD_NONBLOCKING specified.  Putting into queue to be opened asynchronously!
[LOG] AsyncThread::add                         : add sound to async queue : soundi = 000001E839E710E8, queue head = 000001E6928A8DD8, queue count = 0
[LOG] SystemI::createSound                     : filename = Assets/FMODBanks/Desktop/Master.bank : mode 02010082
[LOG] AsyncThread::threadFunc                  : Starting Asynchronous operation on sound 000001E839E710E8
[LOG] SystemI::createSound                     : FMOD_NONBLOCKING specified.  Putting into queue to be opened asynchronously!
[LOG] SystemI::createSoundInternal             :     Create name='Assets/FMODBanks/Desktop/Master.bank', mode=0x02010082
[LOG] AsyncThread::add                         :     add sound to async queue : soundi = 000001E83A6CC5C8, queue head = 000001E6928A8DD8, queue count = 0
[LOG] SystemI::createSoundInternal             :     exinfo->cbsize             = 224
[LOG] SystemI::createSoundInternal             :     exinfo->length             = 4243808
[LOG] SystemI::createSoundInternal             :     exinfo->fileoffset         = 35104
[LOG] SystemI::createSoundInternal             :     exinfo->numsubsounds       = 1
[LOG] SystemI::createSoundInternal             :     exinfo->inclusionlist      = 000001E83D0197A0
[LOG] SystemI::createSoundInternal             :     exinfo->inclusionlistnum   = 1
[LOG] SystemI::createSoundInternal             :     exinfo->suggestedsoundtype = 5
[LOG] SystemI::createSoundInternal             :     exinfo->initialseekposition = 312
[LOG] SystemI::createSoundInternal             :     exinfo->initialseekpostype = 1
[LOG] SystemI::createSoundInternal             :     Stream 0/1: name='Water', format=5, channels=2, frequency=48000, lengthbytes=90880, lengthpcm=635715, pcmblocksize=0, loopstart=0, loopend=0, mode=0x00000000, channelmask=0x00000000, channelorder=0, peakvolume=0.857208.
[LOG] AsyncThread::threadFunc                  : Finished Asynchronous operation on sound 000001E839E710E8
[LOG] AsyncThread::threadFunc                  : Starting Asynchronous operation on sound 000001E83A6CC5C8
[LOG] SystemI::createSoundInternal             :     Create name='Assets/FMODBanks/Desktop/Master.bank', mode=0x02010082
[LOG] SystemI::createSoundInternal             :     exinfo->cbsize             = 224
[LOG] SystemI::createSoundInternal             :     exinfo->length             = 4243808
[LOG] SystemI::createSoundInternal             :     exinfo->fileoffset         = 35104
[LOG] SystemI::createSoundInternal             :     exinfo->numsubsounds       = 1
[LOG] SystemI::createSoundInternal             :     exinfo->inclusionlist      = 000001E83D0198E0
[LOG] SystemI::createSoundInternal             :     exinfo->inclusionlistnum   = 1
[LOG] SystemI::createSoundInternal             :     exinfo->suggestedsoundtype = 5
[LOG] SystemI::createSoundInternal             :     exinfo->initialseekposition = 6095
[LOG] SystemI::createSoundInternal             :     exinfo->initialseekpostype = 1
[LOG] SystemI::createSoundInternal             :     Stream 0/1: name='waterstream', format=5, channels=1, frequency=48000, lengthbytes=483648, lengthpcm=1484850, pcmblocksize=0, loopstart=0, loopend=0, mode=0x00000000, channelmask=0x00000000, channelorder=0, peakvolume=0.876862.
[LOG] AsyncThread::threadFunc                  : Finished Asynchronous operation on sound 000001E83A6CC5C8
[LOG] SoundI::release                          : waterstream (000001E839E70D88)
[LOG] SoundI::release                          :     waterstream (000001E82A797B68)
[LOG] SoundI::release                          :     waterstream (000001E7B1D1F9D8)
[LOG] SoundI::release                          : Water (000001E83A6CC418)
[LOG] SoundI::release                          :     Water (000001E82A798388)
[LOG] SoundI::release                          :     Water (000001E7B1D21D48)
[LOG] SystemI::createSound                     : filename = Assets/FMODBanks/Desktop/Master.bank : mode 02010082
[LOG] SystemI::createSound                     : FMOD_NONBLOCKING specified.  Putting into queue to be opened asynchronously!
[LOG] AsyncThread::add                         : add sound to async queue : soundi = 000001E83A6CCAD8, queue head = 000001E6928A8DD8, queue count = 0
[LOG] AsyncThread::threadFunc                  : Starting Asynchronous operation on sound 000001E83A6CCAD8
[LOG] SystemI::createSound                     : filename = Assets/FMODBanks/Desktop/Master.bank : mode 02010082
[LOG] SystemI::createSoundInternal             :     Create name='Assets/FMODBanks/Desktop/Master.bank', mode=0x02010082
[LOG] SystemI::createSound                     :     FMOD_NONBLOCKING specified.  Putting into queue to be opened asynchronously!
[LOG] SystemI::createSoundInternal             :     exinfo->cbsize             = 224
[LOG] AsyncThread::add                         :     add sound to async queue : soundi = 000001E83A6CC778, queue head = 000001E6928A8DD8, queue count = 0
[LOG] SystemI::createSoundInternal             :     exinfo->length             = 4243808
[LOG] SystemI::createSoundInternal             :     exinfo->fileoffset         = 35104
[LOG] SystemI::createSoundInternal             :     exinfo->numsubsounds       = 1
[LOG] SystemI::createSound                     :     filename = Assets/FMODBanks/Desktop/Master.bank : mode 02010082
[LOG] SystemI::createSoundInternal             :     exinfo->inclusionlist      = 000001E83D019520
[LOG] SystemI::createSound                     :     FMOD_NONBLOCKING specified.  Putting into queue to be opened asynchronously!
[LOG] SystemI::createSoundInternal             :     exinfo->inclusionlistnum   = 1
[LOG] AsyncThread::add                         :     add sound to async queue : soundi = 000001E805A46AE8, queue head = 000001E6928A8DD8, queue count = 1
[LOG] SystemI::createSoundInternal             :     exinfo->suggestedsoundtype = 5
[LOG] SystemI::createSoundInternal             :     exinfo->initialseekpostype = 1
[LOG] SystemI::createSound                     :     filename = Assets/FMODBanks/Desktop/Master.bank : mode 02010082
[LOG] SystemI::createSound                     :     FMOD_NONBLOCKING specified.  Putting into queue to be opened asynchronously!
[LOG] AsyncThread::add                         :     add sound to async queue : soundi = 000001E805A46938, queue head = 000001E6928A8DD8, queue count = 2
[LOG] SystemI::createSound                     :     filename = Assets/FMODBanks/Desktop/Master.bank : mode 02010082
[LOG] SystemI::createSound                     :     FMOD_NONBLOCKING specified.  Putting into queue to be opened asynchronously!
[LOG] AsyncThread::add                         :     add sound to async queue : soundi = 000001E839E70BD8, queue head = 000001E6928A8DD8, queue count = 3
[LOG] SystemI::createSoundInternal             :     Stream 0/1: name='Ambience_outside_sfx', format=5, channels=2, frequency=48000, lengthbytes=277696, lengthpcm=1440000, pcmblocksize=0, loopstart=0, loopend=0, mode=0x00000000, channelmask=0x00000000, channelorder=0, peakvolume=1.140990.
[LOG] AsyncThread::threadFunc                  : Finished Asynchronous operation on sound 000001E83A6CCAD8
[LOG] AsyncThread::threadFunc                  : Starting Asynchronous operation on sound 000001E83A6CC778
[LOG] SystemI::createSoundInternal             :     Create name='Assets/FMODBanks/Desktop/Master.bank', mode=0x02010082
[LOG] SystemI::createSoundInternal             :     exinfo->cbsize             = 224
[LOG] SystemI::createSoundInternal             :     exinfo->length             = 4243808
[LOG] SystemI::createSoundInternal             :     exinfo->fileoffset         = 35104
[LOG] SystemI::createSoundInternal             :     exinfo->numsubsounds       = 1
[LOG] SystemI::createSoundInternal             :     exinfo->inclusionlist      = 000001E83D0192A0
[LOG] SystemI::createSoundInternal             :     exinfo->inclusionlistnum   = 1
[LOG] SystemI::createSoundInternal             :     exinfo->suggestedsoundtype = 5
[LOG] SystemI::createSoundInternal             :     exinfo->initialseekpostype = 1
[LOG] SystemI::createSoundInternal             :     Stream 0/1: name='Ambience_outside_sfx', format=5, channels=2, frequency=48000, lengthbytes=277696, lengthpcm=1440000, pcmblocksize=0, loopstart=0, loopend=0, mode=0x00000000, channelmask=0x00000000, channelorder=0, peakvolume=1.140990.
[LOG] AsyncThread::threadFunc                  : Finished Asynchronous operation on sound 000001E83A6CC778
[LOG] AsyncThread::threadFunc                  : Starting Asynchronous operation on sound 000001E805A46AE8
[LOG] SystemI::createSoundInternal             :     Create name='Assets/FMODBanks/Desktop/Master.bank', mode=0x02010082
[LOG] SystemI::createSoundInternal             :     exinfo->cbsize             = 224
[LOG] SystemI::createSoundInternal             :     exinfo->length             = 4243808
[LOG] SystemI::createSoundInternal             :     exinfo->fileoffset         = 35104
[LOG] SystemI::createSoundInternal             :     exinfo->numsubsounds       = 1
[LOG] SystemI::createSoundInternal             :     exinfo->inclusionlist      = 000001E6B77527F0
[LOG] SystemI::createSoundInternal             :     exinfo->inclusionlistnum   = 1
[LOG] SystemI::createSoundInternal             :     exinfo->suggestedsoundtype = 5
[LOG] SystemI::createSoundInternal             :     exinfo->initialseekpostype = 1
[LOG] SystemI::createSoundInternal             :     Stream 0/1: name='Ambience_outside_sfx', format=5, channels=2, frequency=48000, lengthbytes=277696, lengthpcm=1440000, pcmblocksize=0, loopstart=0, loopend=0, mode=0x00000000, channelmask=0x00000000, channelorder=0, peakvolume=1.140990.
[LOG] AsyncThread::threadFunc                  : Finished Asynchronous operation on sound 000001E805A46AE8
[LOG] AsyncThread::threadFunc                  : Starting Asynchronous operation on sound 000001E805A46938
[LOG] SystemI::createSoundInternal             :     Create name='Assets/FMODBanks/Desktop/Master.bank', mode=0x02010082
[LOG] SystemI::createSoundInternal             :     exinfo->cbsize             = 224
[LOG] SystemI::createSoundInternal             :     exinfo->length             = 4243808
[LOG] SystemI::createSoundInternal             :     exinfo->fileoffset         = 35104
[LOG] SystemI::createSoundInternal             :     exinfo->numsubsounds       = 1
[LOG] SystemI::createSoundInternal             :     exinfo->inclusionlist      = 000001E6B77526B0
[LOG] SystemI::createSoundInternal             :     exinfo->inclusionlistnum   = 1
[LOG] SystemI::createSoundInternal             :     exinfo->suggestedsoundtype = 5
[LOG] SystemI::createSoundInternal             :     exinfo->initialseekpostype = 1
[LOG] SystemI::createSoundInternal             :     Stream 0/1: name='Ambience_outside_sfx', format=5, channels=2, frequency=48000, lengthbytes=277696, lengthpcm=1440000, pcmblocksize=0, loopstart=0, loopend=0, mode=0x00000000, channelmask=0x00000000, channelorder=0, peakvolume=1.140990.
[LOG] AsyncThread::threadFunc                  : Finished Asynchronous operation on sound 000001E805A46938
[LOG] AsyncThread::threadFunc                  : Starting Asynchronous operation on sound 000001E839E70BD8
[LOG] SystemI::createSoundInternal             :     Create name='Assets/FMODBanks/Desktop/Master.bank', mode=0x02010082
[LOG] SystemI::createSoundInternal             :     exinfo->cbsize             = 224
[LOG] SystemI::createSoundInternal             :     exinfo->length             = 4243808
[LOG] SystemI::createSoundInternal             :     exinfo->fileoffset         = 35104
[LOG] SystemI::createSoundInternal             :     exinfo->numsubsounds       = 1
[LOG] SystemI::createSoundInternal             :     exinfo->inclusionlist      = 000001E6B77522F0
[LOG] SystemI::createSoundInternal             :     exinfo->inclusionlistnum   = 1
[LOG] SystemI::createSoundInternal             :     exinfo->suggestedsoundtype = 5
[LOG] SystemI::createSoundInternal             :     exinfo->initialseekpostype = 1
[LOG] SystemI::createSoundInternal             :     Stream 0/1: name='Ambience_outside_sfx', format=5, channels=2, frequency=48000, lengthbytes=277696, lengthpcm=1440000, pcmblocksize=0, loopstart=0, loopend=0, mode=0x00000000, channelmask=0x00000000, channelorder=0, peakvolume=1.140990.
[LOG] AsyncThread::threadFunc                  : Finished Asynchronous operation on sound 000001E839E70BD8
[LOG] SoundI::release                          : Ambience_outside_sfx (000001E83A6CCE38)
[LOG] SoundI::release                          :     Ambience_outside_sfx (000001E6D6EAD058)
[LOG] SoundI::release                          :     Ambience_outside_sfx (000001E808525AD8)
[LOG] SoundI::release                          : Ambience_outside_sfx (000001E805A46278)
[LOG] SoundI::release                          :     Ambience_outside_sfx (000001E6D6EACEB8)
[LOG] SoundI::release                          :     Ambience_outside_sfx (000001E6B735B288)
[LOG] SoundI::release                          : Ambience_outside_sfx (000001E839E70A28)
[LOG] SoundI::release                          :     Ambience_outside_sfx (000001E6D6EACD18)
[LOG] SoundI::release                          :     Ambience_outside_sfx (000001E6B735BCA8)
[LOG] SoundI::release                          : Ambience_outside_sfx (000001E839E71298)
[LOG] SoundI::release                          :     Ambience_outside_sfx (000001E8412AD928)
[LOG] SoundI::release                          :     Ambience_outside_sfx (000001E6B735BAF8)
[LOG] SoundI::release                          : Ambience_outside_sfx (000001E805A465D8)
[LOG] SoundI::release                          :     Ambience_outside_sfx (000001E6D6EAD398)
[LOG] SoundI::release                          :     Ambience_outside_sfx (000001E6B735B0D8)
[LOG] SystemI::createSound                     : filename = Assets/FMODBanks/Desktop/Master.bank : mode 02010082
[LOG] SystemI::createSound                     : FMOD_NONBLOCKING specified.  Putting into queue to be opened asynchronously!
[LOG] AsyncThread::add                         : add sound to async queue : soundi = 000001E839E71448, queue head = 000001E6928A8DD8, queue count = 0
[LOG] AsyncThread::threadFunc                  : Starting Asynchronous operation on sound 000001E839E71448
[LOG] SystemI::createSoundInternal             :     Create name='Assets/FMODBanks/Desktop/Master.bank', mode=0x02010082
[LOG] SystemI::createSoundInternal             :     exinfo->cbsize             = 224
[LOG] SystemI::createSoundInternal             :     exinfo->length             = 4243808
[LOG] SystemI::createSoundInternal             :     exinfo->fileoffset         = 35104
[LOG] SystemI::createSoundInternal             :     exinfo->numsubsounds       = 1
[LOG] SystemI::createSoundInternal             :     exinfo->inclusionlist      = 000001E6B7752570
[LOG] SystemI::createSoundInternal             :     exinfo->inclusionlistnum   = 1
[LOG] SystemI::createSoundInternal             :     exinfo->suggestedsoundtype = 5
[LOG] SystemI::createSoundInternal             :     exinfo->initialseekpostype = 1
[LOG] SystemI::createSoundInternal             :     Stream 0/1: name='waterstream', format=5, channels=1, frequency=48000, lengthbytes=483648, lengthpcm=1484850, pcmblocksize=0, loopstart=0, loopend=0, mode=0x00000000, channelmask=0x00000000, channelorder=0, peakvolume=0.876862.
[LOG] AsyncThread::threadFunc                  : Finished Asynchronous operation on sound 000001E839E71448
[LOG] SoundI::release                          : waterstream (000001E83A6CC5C8)
[LOG] SoundI::release                          :     waterstream (000001E841D8E488)
[LOG] SoundI::release                          :     waterstream (000001E7B1D23F08)
[LOG] SystemI::createSound                     : filename = Assets/FMODBanks/Desktop/Master.bank : mode 02010082
[LOG] SystemI::createSound                     : FMOD_NONBLOCKING specified.  Putting into queue to be opened asynchronously!
[LOG] AsyncThread::add                         : add sound to async queue : soundi = 000001E839E706C8, queue head = 000001E6928A8DD8, queue count = 0
[LOG] SystemI::createSound                     : filename = Assets/FMODBanks/Desktop/Master.bank : mode 02010082
[LOG] AsyncThread::threadFunc                  : Starting Asynchronous operation on sound 000001E839E706C8
[LOG] SystemI::createSound                     : FMOD_NONBLOCKING specified.  Putting into queue to be opened asynchronously!
[LOG] SystemI::createSoundInternal             :     Create name='Assets/FMODBanks/Desktop/Master.bank', mode=0x02010082
[LOG] AsyncThread::add                         :     add sound to async queue : soundi = 000001E805A46E48, queue head = 000001E6928A8DD8, queue count = 0
[LOG] SystemI::createSoundInternal             :     exinfo->cbsize             = 224
[LOG] SystemI::createSoundInternal             :     exinfo->length             = 4243808
[LOG] SystemI::createSoundInternal             :     exinfo->fileoffset         = 35104
[LOG] SystemI::createSoundInternal             :     exinfo->numsubsounds       = 1
[LOG] SystemI::createSoundInternal             :     exinfo->inclusionlist      = 000001E6B77521B0
[LOG] SystemI::createSoundInternal             :     exinfo->inclusionlistnum   = 1
[LOG] SystemI::createSoundInternal             :     exinfo->suggestedsoundtype = 5
[LOG] SystemI::createSoundInternal             :     exinfo->initialseekposition = 312
[LOG] SystemI::createSoundInternal             :     exinfo->initialseekpostype = 1
[LOG] SystemI::createSoundInternal             :     Stream 0/1: name='Water', format=5, channels=2, frequency=48000, lengthbytes=90880, lengthpcm=635715, pcmblocksize=0, loopstart=0, loopend=0, mode=0x00000000, channelmask=0x00000000, channelorder=0, peakvolume=0.857208.
[LOG] AsyncThread::threadFunc                  : Finished Asynchronous operation on sound 000001E839E706C8
[LOG] AsyncThread::threadFunc                  : Starting Asynchronous operation on sound 000001E805A46E48
[LOG] SystemI::createSoundInternal             :     Create name='Assets/FMODBanks/Desktop/Master.bank', mode=0x02010082
[LOG] SystemI::createSoundInternal             :     exinfo->cbsize             = 224
[LOG] SystemI::createSoundInternal             :     exinfo->length             = 4243808
[LOG] SystemI::createSoundInternal             :     exinfo->fileoffset         = 35104
[LOG] SystemI::createSoundInternal             :     exinfo->numsubsounds       = 1
[LOG] SystemI::createSoundInternal             :     exinfo->inclusionlist      = 000001E6B7752430
[LOG] SystemI::createSoundInternal             :     exinfo->inclusionlistnum   = 1
[LOG] SystemI::createSoundInternal             :     exinfo->suggestedsoundtype = 5
[LOG] SystemI::createSoundInternal             :     exinfo->initialseekposition = 6095
[LOG] SystemI::createSoundInternal             :     exinfo->initialseekpostype = 1
[LOG] SystemI::createSoundInternal             :     Stream 0/1: name='waterstream', format=5, channels=1, frequency=48000, lengthbytes=483648, lengthpcm=1484850, pcmblocksize=0, loopstart=0, loopend=0, mode=0x00000000, channelmask=0x00000000, channelorder=0, peakvolume=0.876862.
[LOG] AsyncThread::threadFunc                  : Finished Asynchronous operation on sound 000001E805A46E48
[LOG] SoundI::release                          : Water (000001E839E710E8)
[LOG] SoundI::release                          :     Water (000001E82A7986C8)
[LOG] SoundI::release                          :     Water (000001E7B1D23848)
[LOG] SoundI::release                          : waterstream (000001E839E71448)
[LOG] SoundI::release                          :     waterstream (000001E6D6EAD398)
[LOG] SoundI::release                          :     waterstream (000001E83A7673D8)
[LOG] SystemI::createSound                     : filename = Assets/FMODBanks/Desktop/Master.bank : mode 02010082
[LOG] SystemI::createSound                     : FMOD_NONBLOCKING specified.  Putting into queue to be opened asynchronously!
[LOG] AsyncThread::add                         : add sound to async queue : soundi = 000001E805A460C8, queue head = 000001E6928A8DD8, queue count = 0
[LOG] AsyncThread::threadFunc                  : Starting Asynchronous operation on sound 000001E805A460C8
[LOG] SystemI::createSoundInternal             :     Create name='Assets/FMODBanks/Desktop/Master.bank', mode=0x02010082
[LOG] SystemI::createSoundInternal             :     exinfo->cbsize             = 224
[LOG] SystemI::createSoundInternal             :     exinfo->length             = 4243808
[LOG] SystemI::createSoundInternal             :     exinfo->fileoffset         = 35104
[LOG] SystemI::createSoundInternal             :     exinfo->numsubsounds       = 1
[LOG] SystemI::createSoundInternal             :     exinfo->inclusionlist      = 000001E6B7752570
[LOG] SystemI::createSoundInternal             :     exinfo->inclusionlistnum   = 1
[LOG] SystemI::createSoundInternal             :     exinfo->suggestedsoundtype = 5
[LOG] SystemI::createSoundInternal             :     exinfo->initialseekpostype = 1
[LOG] SystemI::createSoundInternal             :     Stream 0/1: name='waterstream', format=5, channels=1, frequency=48000, lengthbytes=483648, lengthpcm=1484850, pcmblocksize=0, loopstart=0, loopend=0, mode=0x00000000, channelmask=0x00000000, channelorder=0, peakvolume=0.876862.
[LOG] AsyncThread::threadFunc                  : Finished Asynchronous operation on sound 000001E805A460C8
[LOG] SoundI::release                          : waterstream (000001E805A46E48)
[LOG] SoundI::release                          :     waterstream (000001E7366D6548)
[LOG] SoundI::release                          :     waterstream (000001E8628BE448)
[LOG] SystemI::mixerSuspend                    : Suspending output.
[LOG] SystemI::mixerResume                     : Resuming output.
[LOG] AsyncThread::add                         : add sound to async queue : soundi = 000001E83A767A98, queue head = 000001E6928A8DD8, queue count = 0
[LOG] AsyncThread::threadFunc                  : Starting Asynchronous operation on sound 000001E83A767A98
[LOG] AsyncThread::threadFunc                  : Finished Asynchronous operation on sound 000001E83A767A98
[LOG] SoundI::release                          : waterstream (000001E805A460C8)
[LOG] SoundI::release                          :     waterstream (000001E7366D6D68)
[LOG] SoundI::release                          :     waterstream (000001E8628BDF38)
[LOG] SoundI::release                          : Water (000001E839E706C8)
[LOG] SoundI::release                          :     Water (000001E7366D63A8)
[LOG] SoundI::release                          :     Water (000001E8628BDBD8)
[LOG] SoundI::release                          : Ambience_outside_sfx (000001E83A6CC778)
[LOG] SoundI::release                          :     Ambience_outside_sfx (000001E807DACE08)
[LOG] SoundI::release                          :     Ambience_outside_sfx (000001E808526198)
[LOG] SoundI::release                          : Ambience_outside_sfx (000001E805A46AE8)
[LOG] SoundI::release                          :     Ambience_outside_sfx (000001E807DAC5E8)
[LOG] SoundI::release                          :     Ambience_outside_sfx (000001E83A767A98)
[LOG] SoundI::release                          : Ambience_outside_sfx (000001E83A6CCAD8)
[LOG] SoundI::release                          :     Ambience_outside_sfx (000001E807DAC928)
[LOG] SoundI::release                          :     Ambience_outside_sfx (000001E808525C88)
[LOG] SoundI::release                          : Ambience_outside_sfx (000001E839E70BD8)
[LOG] SoundI::release                          :     Ambience_outside_sfx (000001E807DAC2A8)
[LOG] SoundI::release                          :     Ambience_outside_sfx (000001E83A7678E8)
[LOG] SoundI::release                          : Ambience_outside_sfx (000001E805A46938)
[LOG] SoundI::release                          :     Ambience_outside_sfx (000001E807DACC68)
[LOG] SoundI::release                          :     Ambience_outside_sfx (000001E83A767738)
[LOG] SoundI::release                          :  (000001E7A2AA4D98)
[LOG] SoundI::release                          :     Heartbeat (000001E8412AE148)
[LOG] SoundI::release                          :  (000001E7A2AA4668)
[LOG] SoundI::release                          :     step1 (000001E8412AE628)
[LOG] SoundI::release                          :  (000001E8013E5E58)
[LOG] SoundI::release                          :     step2 (000001E8412ADAC8)
[LOG] SoundI::release                          :  (000001E7A2AA40A8)
[LOG] SoundI::release                          :     step3 (000001E8412AE2E8)
[LOG] Thread::callback                         : FMOD Studio update thread finished.
[LOG] Thread::callback                         : FMOD Studio bank load thread finished.
[LOG] Profile::disconnectAll                   : Profiler disconnecting all clients
[LOG] Thread::callback                         : FMOD Studio sample load thread finished.
[LOG] LiveUpdate::release                      : 
[LOG] LiveUpdate::reset                        : Reset connection (reason Disconnected)
[LOG] Thread::callback                         : FMOD stream thread finished.
[LOG] Thread::callback                         : FMOD mixer thread finished.
[LOG] Profile::disconnectAll                   : Profiler disconnecting all clients
[LOG] SystemI::close                           : Closed.
[LOG] Thread::callback                         : FMOD Studio bank load thread finished.
[LOG] Thread::callback                         : FMOD Studio sample load thread finished.
[LOG] LiveUpdate::release                      : 
[LOG] LiveUpdate::reset                        : Reset connection (reason Disconnected)
[LOG] Thread::callback                         : FMOD stream thread finished.
[LOG] Thread::callback                         : FMOD mixer thread finished.
[LOG] SystemI::close                           : Closed.
[LOG] Thread::callback                         : FMOD nonblocking thread (0) finished.
[LOG] Thread::callback                         : FMOD file thread finished.
